2026-01-13 11:17:26 [background-preinit] INFO  o.h.validator.internal.util.Version - HV000001: Hibernate Validator 8.0.3.Final
2026-01-13 11:17:26 [main] INFO  org.dromara.DromaraApplication - Starting DromaraApplication using Java 17.0.17 with PID 28500 (/Users/chaoxu/company/study/RuoYi-Vue-Plus/ruoyi-admin/target/classes started by chaoxu in /Users/chaoxu/company/study/RuoYi-Vue-Plus)
2026-01-13 11:17:26 [main] INFO  org.dromara.DromaraApplication - The following 1 profile is active: "dev"
2026-01-13 11:17:30 [main] INFO  io.undertow.servlet - Initializing Spring embedded WebApplicationContext
2026-01-13 11:17:31 [main] INFO  c.b.d.d.DynamicRoutingDataSource - dynamic-datasource detect P6SPY plugin and enabled it
2026-01-13 11:17:31 [main] INFO  com.zaxxer.hikari.HikariDataSource - master - Starting...
2026-01-13 11:17:31 [main] INFO  com.zaxxer.hikari.pool.HikariPool - master - Added connection com.mysql.cj.jdbc.ConnectionImpl@6a450cb5
2026-01-13 11:17:31 [main] INFO  com.zaxxer.hikari.HikariDataSource - master - Start completed.
2026-01-13 11:17:31 [main] INFO  c.b.d.d.DynamicRoutingDataSource - dynamic-datasource - add a datasource named [master] success
2026-01-13 11:17:31 [main] INFO  c.b.d.d.DynamicRoutingDataSource - dynamic-datasource initial loaded [1] datasource,primary datasource named [master]
2026-01-13 11:17:33 [main] INFO  o.d.common.redis.config.RedisConfig - 初始化 redis 配置
2026-01-13 11:17:33 [main] INFO  org.redisson.Version - Redisson 3.52.0
2026-01-13 11:17:33 [main] WARN  i.n.r.d.DnsServerAddressStreamProviders - Can not find io.netty.resolver.dns.macos.MacOSDnsServerAddressStreamProvider in the classpath, fallback to system defaults. This may result in incorrect DNS resolutions on MacOS. Check whether you have a dependency on 'io.netty:netty-resolver-dns-native-macos'
2026-01-13 11:17:33 [redisson-netty-1-5] INFO  o.r.connection.ConnectionsHolder - 1 connections initialized for localhost/127.0.0.1:6379
2026-01-13 11:17:33 [redisson-netty-1-4] INFO  o.r.connection.ConnectionsHolder - 8 connections initialized for localhost/127.0.0.1:6379
2026-01-13 11:17:35 [main] INFO  c.a.s.c.j.c.e.b.AbstractScriptExecutor$SnailFileUtils - [FileUtils] [workspace] use user.home as workspace: /Users/chaoxu/snailJob/worker
2026-01-13 11:17:35 [main] INFO  c.a.s.c.j.c.e.b.AbstractScriptExecutor$SnailFileUtils - [FileUtils] [workspace] use user.home as workspace: /Users/chaoxu/snailJob/worker
2026-01-13 11:17:35 [main] INFO  c.a.s.c.j.c.e.b.AbstractScriptExecutor$SnailFileUtils - [FileUtils] [workspace] use user.home as workspace: /Users/chaoxu/snailJob/worker
2026-01-13 11:17:35 [main] INFO  o.d.common.json.config.JacksonConfig - 初始化 jackson 配置
2026-01-13 11:17:35 [main] INFO  c.a.s.c.s.SnailJobClientJobCoreAutoConfiguration - Snail-Job 客户端IP为: 192.168.1.5
2026-01-13 11:17:35 [main] INFO  c.b.m.e.s.MybatisPlusApplicationContextAware - Register ApplicationContext instances org.springframework.boot.web.servlet.context.AnnotationConfigServletWebServerApplicationContext@12f8b1d8
2026-01-13 11:17:44 [main] INFO  o.d.w.p.modes.sb.config.BeanConfig - 【warm-flow】，加载完成
2026-01-13 11:17:46 [main] INFO  io.undertow - starting server: Undertow - 2.3.20.Final
2026-01-13 11:17:46 [main] INFO  org.xnio - XNIO version 3.8.16.Final
2026-01-13 11:17:46 [main] INFO  org.xnio.nio - XNIO NIO Implementation Version 3.8.16.Final
2026-01-13 11:17:46 [main] INFO  org.jboss.threads - JBoss Threads version 3.7.0.Final
2026-01-13 11:17:46 [main] INFO  io.undertow - stopping server: Undertow - 2.3.20.Final
2026-01-13 11:17:46 [main] WARN  o.s.b.w.s.c.AnnotationConfigServletWebServerApplicationContext - Exception encountered during context initialization - cancelling refresh attempt: org.springframework.context.ApplicationContextException: Failed to start bean 'webServerStartStop'
2026-01-13 11:17:46 [main] INFO  o.d.c.core.config.ThreadPoolConfig - ====关闭后台任务任务线程池====
2026-01-13 11:17:46 [main] INFO  c.b.d.d.DynamicRoutingDataSource - dynamic-datasource start closing ....
2026-01-13 11:17:46 [main] INFO  com.zaxxer.hikari.HikariDataSource - master - Shutdown initiated...
2026-01-13 11:17:46 [main] INFO  com.zaxxer.hikari.HikariDataSource - master - Shutdown completed.
2026-01-13 11:17:46 [main] INFO  c.b.d.d.d.DefaultDataSourceDestroyer - dynamic-datasource close the datasource named [master] success,
2026-01-13 11:17:46 [main] INFO  c.b.d.d.DynamicRoutingDataSource - dynamic-datasource all closed success,bye
2026-01-13 11:17:46 [main] ERROR o.s.b.d.LoggingFailureAnalysisReporter - 

***************************
APPLICATION FAILED TO START
***************************

Description:

Web server failed to start. Port 8080 was already in use.

Action:

Identify and stop the process that's listening on port 8080 or configure this application to listen on another port.

2026-01-13 11:18:51 [background-preinit] INFO  o.h.validator.internal.util.Version - HV000001: Hibernate Validator 8.0.3.Final
2026-01-13 11:18:52 [main] INFO  org.dromara.DromaraApplication - Starting DromaraApplication using Java 17.0.17 with PID 29364 (/Users/chaoxu/company/study/RuoYi-Vue-Plus/ruoyi-admin/target/classes started by chaoxu in /Users/chaoxu/company/study/RuoYi-Vue-Plus)
2026-01-13 11:18:52 [main] INFO  org.dromara.DromaraApplication - The following 1 profile is active: "dev"
2026-01-13 11:18:56 [main] INFO  io.undertow.servlet - Initializing Spring embedded WebApplicationContext
2026-01-13 11:18:56 [main] INFO  c.b.d.d.DynamicRoutingDataSource - dynamic-datasource detect P6SPY plugin and enabled it
2026-01-13 11:18:56 [main] INFO  com.zaxxer.hikari.HikariDataSource - master - Starting...
2026-01-13 11:18:57 [main] INFO  com.zaxxer.hikari.pool.HikariPool - master - Added connection com.mysql.cj.jdbc.ConnectionImpl@78b293a
2026-01-13 11:18:57 [main] INFO  com.zaxxer.hikari.HikariDataSource - master - Start completed.
2026-01-13 11:18:57 [main] INFO  c.b.d.d.DynamicRoutingDataSource - dynamic-datasource - add a datasource named [master] success
2026-01-13 11:18:57 [main] INFO  c.b.d.d.DynamicRoutingDataSource - dynamic-datasource initial loaded [1] datasource,primary datasource named [master]
2026-01-13 11:18:58 [main] INFO  o.d.common.redis.config.RedisConfig - 初始化 redis 配置
2026-01-13 11:18:58 [main] INFO  org.redisson.Version - Redisson 3.52.0
2026-01-13 11:18:58 [main] WARN  i.n.r.d.DnsServerAddressStreamProviders - Can not find io.netty.resolver.dns.macos.MacOSDnsServerAddressStreamProvider in the classpath, fallback to system defaults. This may result in incorrect DNS resolutions on MacOS. Check whether you have a dependency on 'io.netty:netty-resolver-dns-native-macos'
2026-01-13 11:18:58 [redisson-netty-1-5] INFO  o.r.connection.ConnectionsHolder - 1 connections initialized for localhost/127.0.0.1:6379
2026-01-13 11:18:58 [redisson-netty-1-4] INFO  o.r.connection.ConnectionsHolder - 8 connections initialized for localhost/127.0.0.1:6379
2026-01-13 11:19:00 [main] INFO  c.a.s.c.j.c.e.b.AbstractScriptExecutor$SnailFileUtils - [FileUtils] [workspace] use user.home as workspace: /Users/chaoxu/snailJob/worker
2026-01-13 11:19:00 [main] INFO  c.a.s.c.j.c.e.b.AbstractScriptExecutor$SnailFileUtils - [FileUtils] [workspace] use user.home as workspace: /Users/chaoxu/snailJob/worker
2026-01-13 11:19:00 [main] INFO  c.a.s.c.j.c.e.b.AbstractScriptExecutor$SnailFileUtils - [FileUtils] [workspace] use user.home as workspace: /Users/chaoxu/snailJob/worker
2026-01-13 11:19:00 [main] INFO  o.d.common.json.config.JacksonConfig - 初始化 jackson 配置
2026-01-13 11:19:00 [main] INFO  c.a.s.c.s.SnailJobClientJobCoreAutoConfiguration - Snail-Job 客户端IP为: 192.168.1.5
2026-01-13 11:19:00 [main] INFO  c.b.m.e.s.MybatisPlusApplicationContextAware - Register ApplicationContext instances org.springframework.boot.web.servlet.context.AnnotationConfigServletWebServerApplicationContext@47e4d9d0
2026-01-13 11:19:09 [main] INFO  o.d.w.p.modes.sb.config.BeanConfig - 【warm-flow】，加载完成
2026-01-13 11:19:10 [main] INFO  io.undertow - starting server: Undertow - 2.3.20.Final
2026-01-13 11:19:10 [main] INFO  org.xnio - XNIO version 3.8.16.Final
2026-01-13 11:19:10 [main] INFO  org.xnio.nio - XNIO NIO Implementation Version 3.8.16.Final
2026-01-13 11:19:10 [main] INFO  org.jboss.threads - JBoss Threads version 3.7.0.Final
2026-01-13 11:19:10 [main] INFO  io.undertow - stopping server: Undertow - 2.3.20.Final
2026-01-13 11:19:10 [main] WARN  o.s.b.w.s.c.AnnotationConfigServletWebServerApplicationContext - Exception encountered during context initialization - cancelling refresh attempt: org.springframework.context.ApplicationContextException: Failed to start bean 'webServerStartStop'
2026-01-13 11:19:10 [main] INFO  o.d.c.core.config.ThreadPoolConfig - ====关闭后台任务任务线程池====
2026-01-13 11:19:10 [main] INFO  c.b.d.d.DynamicRoutingDataSource - dynamic-datasource start closing ....
2026-01-13 11:19:10 [main] INFO  com.zaxxer.hikari.HikariDataSource - master - Shutdown initiated...
2026-01-13 11:19:10 [main] INFO  com.zaxxer.hikari.HikariDataSource - master - Shutdown completed.
2026-01-13 11:19:10 [main] INFO  c.b.d.d.d.DefaultDataSourceDestroyer - dynamic-datasource close the datasource named [master] success,
2026-01-13 11:19:10 [main] INFO  c.b.d.d.DynamicRoutingDataSource - dynamic-datasource all closed success,bye
2026-01-13 11:19:10 [main] ERROR o.s.b.d.LoggingFailureAnalysisReporter - 

***************************
APPLICATION FAILED TO START
***************************

Description:

Web server failed to start. Port 8081 was already in use.

Action:

Identify and stop the process that's listening on port 8081 or configure this application to listen on another port.

2026-01-13 11:19:39 [background-preinit] INFO  o.h.validator.internal.util.Version - HV000001: Hibernate Validator 8.0.3.Final
2026-01-13 11:19:39 [main] INFO  org.dromara.DromaraApplication - Starting DromaraApplication using Java 17.0.17 with PID 29763 (/Users/chaoxu/company/study/RuoYi-Vue-Plus/ruoyi-admin/target/classes started by chaoxu in /Users/chaoxu/company/study/RuoYi-Vue-Plus)
2026-01-13 11:19:39 [main] INFO  org.dromara.DromaraApplication - The following 1 profile is active: "dev"
2026-01-13 11:19:43 [main] INFO  io.undertow.servlet - Initializing Spring embedded WebApplicationContext
2026-01-13 11:19:44 [main] INFO  c.b.d.d.DynamicRoutingDataSource - dynamic-datasource detect P6SPY plugin and enabled it
2026-01-13 11:19:44 [main] INFO  com.zaxxer.hikari.HikariDataSource - master - Starting...
2026-01-13 11:19:44 [main] INFO  com.zaxxer.hikari.pool.HikariPool - master - Added connection com.mysql.cj.jdbc.ConnectionImpl@32c114d9
2026-01-13 11:19:44 [main] INFO  com.zaxxer.hikari.HikariDataSource - master - Start completed.
2026-01-13 11:19:44 [main] INFO  c.b.d.d.DynamicRoutingDataSource - dynamic-datasource - add a datasource named [master] success
2026-01-13 11:19:44 [main] INFO  c.b.d.d.DynamicRoutingDataSource - dynamic-datasource initial loaded [1] datasource,primary datasource named [master]
2026-01-13 11:19:46 [main] INFO  o.d.common.redis.config.RedisConfig - 初始化 redis 配置
2026-01-13 11:19:46 [main] INFO  org.redisson.Version - Redisson 3.52.0
2026-01-13 11:19:46 [main] WARN  i.n.r.d.DnsServerAddressStreamProviders - Can not find io.netty.resolver.dns.macos.MacOSDnsServerAddressStreamProvider in the classpath, fallback to system defaults. This may result in incorrect DNS resolutions on MacOS. Check whether you have a dependency on 'io.netty:netty-resolver-dns-native-macos'
2026-01-13 11:19:46 [redisson-netty-1-1] INFO  o.r.connection.ConnectionsHolder - 1 connections initialized for localhost/127.0.0.1:6379
2026-01-13 11:19:46 [redisson-netty-1-4] INFO  o.r.connection.ConnectionsHolder - 8 connections initialized for localhost/127.0.0.1:6379
2026-01-13 11:19:47 [main] INFO  c.a.s.c.j.c.e.b.AbstractScriptExecutor$SnailFileUtils - [FileUtils] [workspace] use user.home as workspace: /Users/chaoxu/snailJob/worker
2026-01-13 11:19:47 [main] INFO  c.a.s.c.j.c.e.b.AbstractScriptExecutor$SnailFileUtils - [FileUtils] [workspace] use user.home as workspace: /Users/chaoxu/snailJob/worker
2026-01-13 11:19:47 [main] INFO  c.a.s.c.j.c.e.b.AbstractScriptExecutor$SnailFileUtils - [FileUtils] [workspace] use user.home as workspace: /Users/chaoxu/snailJob/worker
2026-01-13 11:19:48 [main] INFO  o.d.common.json.config.JacksonConfig - 初始化 jackson 配置
2026-01-13 11:19:48 [main] INFO  c.a.s.c.s.SnailJobClientJobCoreAutoConfiguration - Snail-Job 客户端IP为: 192.168.1.5
2026-01-13 11:19:48 [main] INFO  c.b.m.e.s.MybatisPlusApplicationContextAware - Register ApplicationContext instances org.springframework.boot.web.servlet.context.AnnotationConfigServletWebServerApplicationContext@3b08f438
2026-01-13 11:19:56 [main] INFO  o.d.w.p.modes.sb.config.BeanConfig - 【warm-flow】，加载完成
2026-01-13 11:19:58 [main] INFO  io.undertow - starting server: Undertow - 2.3.20.Final
2026-01-13 11:19:58 [main] INFO  org.xnio - XNIO version 3.8.16.Final
2026-01-13 11:19:58 [main] INFO  org.xnio.nio - XNIO NIO Implementation Version 3.8.16.Final
2026-01-13 11:19:58 [main] INFO  org.jboss.threads - JBoss Threads version 3.7.0.Final
2026-01-13 11:19:58 [main] INFO  org.dromara.DromaraApplication - Started DromaraApplication in 19.852 seconds (process running for 20.6)
2026-01-13 11:19:58 [main] INFO  o.d.c.sse.listener.SseTopicListener - 初始化SSE主题订阅监听器成功
2026-01-13 11:19:59 [main] INFO  o.d.s.runner.SystemApplicationRunner - 初始化OSS配置成功
2026-01-13 11:19:59 [main] INFO  c.a.s.c.c.init.SnailJobStartListener - snail-job client is preparing to start... v1.9.0
2026-01-13 11:19:59 [main] INFO  c.a.s.c.c.r.c.g.SnailJobGrpcClient - gRPC client started connect to server
2026-01-13 11:19:59 [main] INFO  c.a.s.c.c.rpc.server.SnailGrpcServer - ------> snail-job remoting server start success, grpc = com.aizuda.snailjob.client.common.rpc.server.SnailGrpcServer, port = 28089
2026-01-13 11:20:00 [snail-job-grpc-client-executor-127.0.0.1-0] ERROR c.a.s.c.j.c.r.JobExecutorRegistrar - Job executors register error requestId:[0] message:[UNAVAILABLE: io exception]
2026-01-13 11:20:00 [snail-job-grpc-client-executor-127.0.0.1-2] ERROR c.a.s.c.c.handler.ClientRegister - heartbeat check requestId:[1] message:[UNAVAILABLE: io exception]
2026-01-13 11:20:00 [main] INFO  c.a.s.c.c.init.SnailJobStartListener - snail-job client started successfully v1.9.0
2026-01-13 11:20:00 [main] WARN  o.s.c.events.SpringDocAppInitializer - SpringDoc /v3/api-docs endpoint is enabled by default. To disable it in production, set the property 'springdoc.api-docs.enabled=false'
2026-01-13 11:20:00 [registrationTask1] WARN  d.c.b.a.c.r.DefaultApplicationRegistrator - Failed to register application as Application(name=RuoYi-Vue-Plus, managementUrl=http://192.168.1.5:8089/actuator, healthUrl=http://192.168.1.5:8089/actuator/health, serviceUrl=http://192.168.1.5:8089/) at spring-boot-admin ([http://localhost:9090/admin/instances]): 404 Not Found: "404 page not found<EOL>". Further attempts are logged on DEBUG level
org.springframework.web.client.HttpClientErrorException$NotFound: 404 Not Found: "404 page not found<EOL>"
	at org.springframework.web.client.HttpClientErrorException.create(HttpClientErrorException.java:112)
	at org.springframework.web.client.StatusHandler.lambda$defaultHandler$3(StatusHandler.java:86)
	at org.springframework.web.client.StatusHandler.handle(StatusHandler.java:146)
	at org.springframework.web.client.DefaultRestClient$DefaultResponseSpec.applyStatusHandlers(DefaultRestClient.java:838)
	at org.springframework.web.client.DefaultRestClient$DefaultResponseSpec.lambda$readBody$4(DefaultRestClient.java:827)
	at org.springframework.web.client.DefaultRestClient.readWithMessageConverters(DefaultRestClient.java:216)
	at org.springframework.web.client.DefaultRestClient$DefaultResponseSpec.readBody(DefaultRestClient.java:826)
	at org.springframework.web.client.DefaultRestClient$DefaultResponseSpec.lambda$body$1(DefaultRestClient.java:765)
	at org.springframework.web.client.DefaultRestClient$DefaultRequestBodyUriSpec.exchangeInternal(DefaultRestClient.java:586)
	at org.springframework.web.client.DefaultRestClient$DefaultRequestBodyUriSpec.exchange(DefaultRestClient.java:540)
	at org.springframework.web.client.RestClient$RequestHeadersSpec.exchange(RestClient.java:680)
	at org.springframework.web.client.DefaultRestClient$DefaultResponseSpec.executeAndExtract(DefaultRestClient.java:821)
	at org.springframework.web.client.DefaultRestClient$DefaultResponseSpec.body(DefaultRestClient.java:765)
	at de.codecentric.boot.admin.client.registration.RestClientRegistrationClient.register(RestClientRegistrationClient.java:45)
	at de.codecentric.boot.admin.client.registration.DefaultApplicationRegistrator.register(DefaultApplicationRegistrator.java:80)
	at de.codecentric.boot.admin.client.registration.DefaultApplicationRegistrator.register(DefaultApplicationRegistrator.java:61)
	at org.springframework.scheduling.support.DelegatingErrorHandlingRunnable.run(DelegatingErrorHandlingRunnable.java:54)
	at java.base/java.util.concurrent.Executors$RunnableAdapter.call(Executors.java:539)
	at java.base/java.util.concurrent.FutureTask.runAndReset(FutureTask.java:305)
	at java.base/java.util.concurrent.ScheduledThreadPoolExecutor$ScheduledFutureTask.run(ScheduledThreadPoolExecutor.java:305)
	at java.base/java.util.concurrent.ThreadPoolExecutor.runWorker(ThreadPoolExecutor.java:1136)
	at java.base/java.util.concurrent.ThreadPoolExecutor$Worker.run(ThreadPoolExecutor.java:635)
	at java.base/java.lang.Thread.run(Thread.java:840)
2026-01-13 11:20:01 [RMI TCP Connection(4)-192.168.1.5] INFO  io.undertow.servlet - Initializing Spring DispatcherServlet 'dispatcherServlet'
2026-01-13 11:20:09 [sj-client-check] WARN  c.a.s.c.c.r.c.g.SnailJobGrpcClient - gRPC channel state=TRANSIENT_FAILURE, try reconnect...
2026-01-13 11:20:10 [snail-job-grpc-client-executor-127.0.0.1-3] ERROR c.a.s.c.c.handler.ClientRegister - heartbeat check requestId:[3] message:[UNAVAILABLE: io exception]
2026-01-13 11:20:19 [sj-client-check] WARN  c.a.s.c.c.r.c.g.SnailJobGrpcClient - gRPC channel state=TRANSIENT_FAILURE, try reconnect...
2026-01-13 11:20:20 [snail-job-grpc-client-executor-127.0.0.1-4] ERROR c.a.s.c.c.handler.ClientRegister - heartbeat check requestId:[4] message:[UNAVAILABLE: io exception]
2026-01-13 11:20:29 [sj-client-check] WARN  c.a.s.c.c.r.c.g.SnailJobGrpcClient - gRPC channel state=TRANSIENT_FAILURE, try reconnect...
2026-01-13 11:20:30 [snail-job-grpc-client-executor-127.0.0.1-5] ERROR c.a.s.c.c.handler.ClientRegister - heartbeat check requestId:[5] message:[UNAVAILABLE: io exception]
2026-01-13 11:20:39 [sj-client-check] WARN  c.a.s.c.c.r.c.g.SnailJobGrpcClient - gRPC channel state=TRANSIENT_FAILURE, try reconnect...
2026-01-13 11:20:40 [snail-job-grpc-client-executor-127.0.0.1-6] ERROR c.a.s.c.c.handler.ClientRegister - heartbeat check requestId:[6] message:[UNAVAILABLE: io exception]
2026-01-13 11:20:44 [Thread-5] INFO  c.a.s.c.c.window.SlidingRingWindow - JVM is about to exit, emitting data in the Window
2026-01-13 11:20:44 [SpringApplicationShutdownHook] INFO  c.a.s.c.c.init.SnailJobCloseListener - snail-job client about to shutdown v1.9.0
2026-01-13 11:20:44 [SpringApplicationShutdownHook] INFO  c.a.s.c.c.l.report.AbstractLogReport - AsyncReport Log about to shutdown
2026-01-13 11:20:44 [SpringApplicationShutdownHook] INFO  c.a.s.c.c.window.SlidingRingWindow - Sliding window is about to exit, emitting data in the Window
2026-01-13 11:20:44 [SpringApplicationShutdownHook] INFO  c.a.s.c.c.l.report.AbstractLogReport - AsyncReport Log has been shutdown
2026-01-13 11:20:44 [SpringApplicationShutdownHook] INFO  c.a.s.c.c.init.SnailJobCloseListener - snail-job client closed successfully v1.9.0
2026-01-13 11:20:44 [SpringApplicationShutdownHook] INFO  io.undertow - stopping server: Undertow - 2.3.20.Final
2026-01-13 11:20:45 [SpringApplicationShutdownHook] INFO  o.d.c.core.config.ThreadPoolConfig - ====关闭后台任务任务线程池====
2026-01-13 11:20:45 [SpringApplicationShutdownHook] INFO  c.b.d.d.DynamicRoutingDataSource - dynamic-datasource start closing ....
2026-01-13 11:20:45 [SpringApplicationShutdownHook] INFO  com.zaxxer.hikari.HikariDataSource - master - Shutdown initiated...
2026-01-13 11:20:45 [SpringApplicationShutdownHook] INFO  com.zaxxer.hikari.HikariDataSource - master - Shutdown completed.
2026-01-13 11:20:45 [SpringApplicationShutdownHook] INFO  c.b.d.d.d.DefaultDataSourceDestroyer - dynamic-datasource close the datasource named [master] success,
2026-01-13 11:20:45 [SpringApplicationShutdownHook] INFO  c.b.d.d.DynamicRoutingDataSource - dynamic-datasource all closed success,bye
2026-01-13 11:20:45 [SpringApplicationShutdownHook] INFO  io.undertow.servlet - Destroying Spring FrameworkServlet 'dispatcherServlet'
2026-01-13 11:33:13 [background-preinit] INFO  o.h.validator.internal.util.Version - HV000001: Hibernate Validator 8.0.3.Final
2026-01-13 11:33:13 [main] INFO  org.dromara.DromaraApplication - Starting DromaraApplication using Java 17.0.17 with PID 38634 (/Users/chaoxu/company/study/RuoYi-Vue-Plus/ruoyi-admin/target/classes started by chaoxu in /Users/chaoxu/company/study/RuoYi-Vue-Plus)
2026-01-13 11:33:13 [main] INFO  org.dromara.DromaraApplication - The following 1 profile is active: "dev"
2026-01-13 11:33:18 [main] INFO  io.undertow.servlet - Initializing Spring embedded WebApplicationContext
2026-01-13 11:33:18 [main] INFO  c.b.d.d.DynamicRoutingDataSource - dynamic-datasource detect P6SPY plugin and enabled it
2026-01-13 11:33:18 [main] INFO  com.zaxxer.hikari.HikariDataSource - master - Starting...
2026-01-13 11:33:19 [main] INFO  com.zaxxer.hikari.pool.HikariPool - master - Added connection com.mysql.cj.jdbc.ConnectionImpl@18b88f7
2026-01-13 11:33:19 [main] INFO  com.zaxxer.hikari.HikariDataSource - master - Start completed.
2026-01-13 11:33:19 [main] INFO  c.b.d.d.DynamicRoutingDataSource - dynamic-datasource - add a datasource named [master] success
2026-01-13 11:33:19 [main] INFO  c.b.d.d.DynamicRoutingDataSource - dynamic-datasource initial loaded [1] datasource,primary datasource named [master]
2026-01-13 11:33:21 [main] INFO  o.d.common.redis.config.RedisConfig - 初始化 redis 配置
2026-01-13 11:33:21 [main] INFO  org.redisson.Version - Redisson 3.52.0
2026-01-13 11:33:21 [main] WARN  i.n.r.d.DnsServerAddressStreamProviders - Can not find io.netty.resolver.dns.macos.MacOSDnsServerAddressStreamProvider in the classpath, fallback to system defaults. This may result in incorrect DNS resolutions on MacOS. Check whether you have a dependency on 'io.netty:netty-resolver-dns-native-macos'
2026-01-13 11:33:21 [redisson-netty-1-5] INFO  o.r.connection.ConnectionsHolder - 1 connections initialized for localhost/127.0.0.1:6379
2026-01-13 11:33:21 [redisson-netty-1-4] INFO  o.r.connection.ConnectionsHolder - 8 connections initialized for localhost/127.0.0.1:6379
2026-01-13 11:33:23 [main] INFO  o.d.common.json.config.JacksonConfig - 初始化 jackson 配置
2026-01-13 11:33:23 [main] INFO  c.b.m.e.s.MybatisPlusApplicationContextAware - Register ApplicationContext instances org.springframework.boot.web.servlet.context.AnnotationConfigServletWebServerApplicationContext@6a9d5dff
2026-01-13 11:33:31 [main] INFO  o.d.w.p.modes.sb.config.BeanConfig - 【warm-flow】，加载完成
2026-01-13 11:33:33 [main] INFO  io.undertow - starting server: Undertow - 2.3.20.Final
2026-01-13 11:33:33 [main] INFO  org.xnio - XNIO version 3.8.16.Final
2026-01-13 11:33:33 [main] INFO  org.xnio.nio - XNIO NIO Implementation Version 3.8.16.Final
2026-01-13 11:33:33 [main] INFO  org.jboss.threads - JBoss Threads version 3.7.0.Final
2026-01-13 11:33:33 [main] INFO  org.dromara.DromaraApplication - Started DromaraApplication in 20.379 seconds (process running for 21.341)
2026-01-13 11:33:33 [main] INFO  o.d.c.sse.listener.SseTopicListener - 初始化SSE主题订阅监听器成功
2026-01-13 11:33:34 [main] INFO  o.d.s.runner.SystemApplicationRunner - 初始化OSS配置成功
2026-01-13 11:33:34 [main] WARN  o.s.c.events.SpringDocAppInitializer - SpringDoc /v3/api-docs endpoint is enabled by default. To disable it in production, set the property 'springdoc.api-docs.enabled=false'
2026-01-13 11:33:34 [RMI TCP Connection(4)-192.168.1.5] INFO  io.undertow.servlet - Initializing Spring DispatcherServlet 'dispatcherServlet'
2026-01-13 11:42:12 [SpringApplicationShutdownHook] INFO  io.undertow - stopping server: Undertow - 2.3.20.Final
2026-01-13 11:42:12 [SpringApplicationShutdownHook] INFO  o.d.c.core.config.ThreadPoolConfig - ====关闭后台任务任务线程池====
2026-01-13 11:42:12 [SpringApplicationShutdownHook] INFO  c.b.d.d.DynamicRoutingDataSource - dynamic-datasource start closing ....
2026-01-13 11:42:12 [SpringApplicationShutdownHook] INFO  com.zaxxer.hikari.HikariDataSource - master - Shutdown initiated...
2026-01-13 11:42:12 [SpringApplicationShutdownHook] INFO  com.zaxxer.hikari.HikariDataSource - master - Shutdown completed.
2026-01-13 11:42:12 [SpringApplicationShutdownHook] INFO  c.b.d.d.d.DefaultDataSourceDestroyer - dynamic-datasource close the datasource named [master] success,
2026-01-13 11:42:12 [SpringApplicationShutdownHook] INFO  c.b.d.d.DynamicRoutingDataSource - dynamic-datasource all closed success,bye
2026-01-13 11:42:12 [SpringApplicationShutdownHook] INFO  io.undertow.servlet - Destroying Spring FrameworkServlet 'dispatcherServlet'
2026-01-13 11:42:15 [background-preinit] INFO  o.h.validator.internal.util.Version - HV000001: Hibernate Validator 8.0.3.Final
2026-01-13 11:42:15 [main] INFO  org.dromara.DromaraApplication - Starting DromaraApplication using Java 17.0.17 with PID 43792 (/Users/chaoxu/company/study/RuoYi-Vue-Plus/ruoyi-admin/target/classes started by chaoxu in /Users/chaoxu/company/study/RuoYi-Vue-Plus)
2026-01-13 11:42:15 [main] INFO  org.dromara.DromaraApplication - The following 1 profile is active: "dev"
2026-01-13 11:42:20 [main] INFO  io.undertow.servlet - Initializing Spring embedded WebApplicationContext
2026-01-13 11:42:21 [main] INFO  c.b.d.d.DynamicRoutingDataSource - dynamic-datasource detect P6SPY plugin and enabled it
2026-01-13 11:42:21 [main] INFO  com.zaxxer.hikari.HikariDataSource - master - Starting...
2026-01-13 11:42:21 [main] INFO  com.zaxxer.hikari.pool.HikariPool - master - Added connection com.mysql.cj.jdbc.ConnectionImpl@66450129
2026-01-13 11:42:21 [main] INFO  com.zaxxer.hikari.HikariDataSource - master - Start completed.
2026-01-13 11:42:21 [main] INFO  c.b.d.d.DynamicRoutingDataSource - dynamic-datasource - add a datasource named [master] success
2026-01-13 11:42:21 [main] INFO  c.b.d.d.DynamicRoutingDataSource - dynamic-datasource initial loaded [1] datasource,primary datasource named [master]
2026-01-13 11:42:23 [main] INFO  o.d.common.redis.config.RedisConfig - 初始化 redis 配置
2026-01-13 11:42:23 [main] INFO  org.redisson.Version - Redisson 3.52.0
2026-01-13 11:42:23 [main] WARN  i.n.r.d.DnsServerAddressStreamProviders - Can not find io.netty.resolver.dns.macos.MacOSDnsServerAddressStreamProvider in the classpath, fallback to system defaults. This may result in incorrect DNS resolutions on MacOS. Check whether you have a dependency on 'io.netty:netty-resolver-dns-native-macos'
2026-01-13 11:42:23 [redisson-netty-1-5] INFO  o.r.connection.ConnectionsHolder - 1 connections initialized for localhost/127.0.0.1:6379
2026-01-13 11:42:23 [redisson-netty-1-4] INFO  o.r.connection.ConnectionsHolder - 8 connections initialized for localhost/127.0.0.1:6379
2026-01-13 11:42:25 [main] INFO  o.d.common.json.config.JacksonConfig - 初始化 jackson 配置
2026-01-13 11:42:25 [main] INFO  c.b.m.e.s.MybatisPlusApplicationContextAware - Register ApplicationContext instances org.springframework.boot.web.servlet.context.AnnotationConfigServletWebServerApplicationContext@6a9d5dff
2026-01-13 11:42:38 [main] INFO  o.d.w.p.modes.sb.config.BeanConfig - 【warm-flow】，加载完成
2026-01-13 11:42:42 [main] INFO  io.undertow - starting server: Undertow - 2.3.20.Final
2026-01-13 11:42:42 [main] INFO  org.xnio - XNIO version 3.8.16.Final
2026-01-13 11:42:42 [main] INFO  org.xnio.nio - XNIO NIO Implementation Version 3.8.16.Final
2026-01-13 11:42:42 [main] INFO  org.jboss.threads - JBoss Threads version 3.7.0.Final
2026-01-13 11:42:42 [main] INFO  org.dromara.DromaraApplication - Started DromaraApplication in 27.895 seconds (process running for 28.877)
2026-01-13 11:42:42 [main] INFO  o.d.c.sse.listener.SseTopicListener - 初始化SSE主题订阅监听器成功
2026-01-13 11:42:44 [main] INFO  o.d.s.runner.SystemApplicationRunner - 初始化OSS配置成功
2026-01-13 11:42:44 [main] WARN  o.s.c.events.SpringDocAppInitializer - SpringDoc /v3/api-docs endpoint is enabled by default. To disable it in production, set the property 'springdoc.api-docs.enabled=false'
2026-01-13 11:42:44 [RMI TCP Connection(1)-192.168.1.5] INFO  io.undertow.servlet - Initializing Spring DispatcherServlet 'dispatcherServlet'
2026-01-13 11:51:55 [XNIO-1 task-3] INFO  o.d.c.w.i.PlusWebInvokeTimeInterceptor - [PLUS]开始请求 => URL[GET /auth/code],无参数
2026-01-13 11:51:55 [XNIO-1 task-2] INFO  o.d.c.w.i.PlusWebInvokeTimeInterceptor - [PLUS]开始请求 => URL[GET /auth/tenant/list],无参数
2026-01-13 11:51:55 [XNIO-1 task-2] INFO  o.d.c.r.aspectj.RateLimiterAspect - 限制令牌 => 20, 剩余令牌 => 19, 缓存key => 'global:rate_limit:/auth/tenant/list:0:0:0:0:0:0:0:1:'
2026-01-13 11:51:56 [XNIO-1 task-3] INFO  o.d.c.w.i.PlusWebInvokeTimeInterceptor - [PLUS]结束请求 => URL[GET /auth/code],耗时:[543]毫秒
2026-01-13 11:51:56 [XNIO-1 task-2] INFO  o.d.c.w.i.PlusWebInvokeTimeInterceptor - [PLUS]结束请求 => URL[GET /auth/tenant/list],耗时:[829]毫秒
2026-01-13 11:52:00 [XNIO-1 task-2] INFO  o.d.c.w.i.PlusWebInvokeTimeInterceptor - [PLUS]开始请求 => URL[POST /auth/login],参数类型[json],参数:[{"tenantId":"000000","username":"admin","grantType":"password","clientId":"e5cd7e4891bf95d1d19206ce24a7b32e"}]
2026-01-13 11:52:00 [async-1] INFO  o.d.s.s.i.SysLogininforServiceImpl - [0:0:0:0:0:0:0:1]内网IP[admin][Success][登录成功]
2026-01-13 11:52:00 [XNIO-1 task-2] INFO  o.d.web.listener.UserActionListener - user doLogin, userId:sys_user:1, token:eyJ0eXAiOiJKV1QiLCJhbGciOiJIUzI1NiJ9.eyJsb2dpblR5cGUiOiJsb2dpbiIsImxvZ2luSWQiOiJzeXNfdXNlcjoxIiwicm5TdHIiOiJKNlk4ZHVod2FWdHA0TkVqaFljalpyU2U2d0hPbnF3ayIsImNsaWVudGlkIjoiZTVjZDdlNDg5MWJmOTVkMWQxOTIwNmNlMjRhN2IzMmUiLCJ0ZW5hbnRJZCI6IjAwMDAwMCIsInVzZXJJZCI6MSwidXNlck5hbWUiOiJhZG1pbiIsImRlcHRJZCI6MTAzLCJkZXB0TmFtZSI6IueglOWPkemDqOmXqCIsImRlcHRDYXRlZ29yeSI6IiJ9.tnUbvYXvEws8IpQC6wQYqHgG_e1-qSxjdb0s96ovoDw
2026-01-13 11:52:00 [XNIO-1 task-2] INFO  o.d.c.w.i.PlusWebInvokeTimeInterceptor - [PLUS]结束请求 => URL[POST /auth/login],耗时:[585]毫秒
2026-01-13 11:52:00 [XNIO-1 task-2] INFO  o.d.c.w.i.PlusWebInvokeTimeInterceptor - [PLUS]开始请求 => URL[GET /system/user/getInfo],无参数
2026-01-13 11:52:01 [XNIO-1 task-2] INFO  o.d.c.w.i.PlusWebInvokeTimeInterceptor - [PLUS]结束请求 => URL[GET /system/user/getInfo],耗时:[98]毫秒
2026-01-13 11:52:01 [XNIO-1 task-2] INFO  o.d.c.w.i.PlusWebInvokeTimeInterceptor - [PLUS]开始请求 => URL[GET /system/menu/getRouters],无参数
2026-01-13 11:52:01 [XNIO-1 task-2] INFO  o.d.c.w.i.PlusWebInvokeTimeInterceptor - [PLUS]结束请求 => URL[GET /system/menu/getRouters],耗时:[63]毫秒
2026-01-13 11:52:01 [XNIO-1 task-2] INFO  o.d.c.w.i.PlusWebInvokeTimeInterceptor - [PLUS]开始请求 => URL[GET /auth/tenant/list],无参数
2026-01-13 11:52:01 [XNIO-1 task-2] INFO  o.d.c.r.aspectj.RateLimiterAspect - 限制令牌 => 20, 剩余令牌 => 18, 缓存key => 'global:rate_limit:/auth/tenant/list:0:0:0:0:0:0:0:1:'
2026-01-13 11:52:02 [XNIO-1 task-2] INFO  o.d.c.w.i.PlusWebInvokeTimeInterceptor - [PLUS]结束请求 => URL[GET /auth/tenant/list],耗时:[32]毫秒
2026-01-13 11:52:02 [XNIO-1 task-3] INFO  o.d.c.w.i.PlusWebInvokeTimeInterceptor - [PLUS]开始请求 => URL[GET /resource/sse],参数类型[param],参数:[{"Authorization":["Bearer eyJ0eXAiOiJKV1QiLCJhbGciOiJIUzI1NiJ9.eyJsb2dpblR5cGUiOiJsb2dpbiIsImxvZ2luSWQiOiJzeXNfdXNlcjoxIiwicm5TdHIiOiJKNlk4ZHVod2FWdHA0TkVqaFljalpyU2U2d0hPbnF3ayIsImNsaWVudGlkIjoiZTVjZDdlNDg5MWJmOTVkMWQxOTIwNmNlMjRhN2IzMmUiLCJ0ZW5hbnRJZCI6IjAwMDAwMCIsInVzZXJJZCI6MSwidXNlck5hbWUiOiJhZG1pbiIsImRlcHRJZCI6MTAzLCJkZXB0TmFtZSI6IueglOWPkemDqOmXqCIsImRlcHRDYXRlZ29yeSI6IiJ9.tnUbvYXvEws8IpQC6wQYqHgG_e1-qSxjdb0s96ovoDw"],"clientid":["e5cd7e4891bf95d1d19206ce24a7b32e"]}]
2026-01-13 11:52:05 [schedule-pool-11] INFO  o.d.c.sse.core.SseEmitterManager - SSE发送主题订阅消息topic:global:sse session keys:[1] message:上午好，欢迎登录 RuoYi-Vue-Plus 后台管理系统
2026-01-13 11:52:05 [redisson-3-2] INFO  o.d.c.sse.listener.SseTopicListener - SSE主题订阅收到消息session keys=[1] message=上午好，欢迎登录 RuoYi-Vue-Plus 后台管理系统
2026-01-13 11:52:48 [XNIO-1 task-3] INFO  o.d.c.w.i.PlusWebInvokeTimeInterceptor - [PLUS]开始请求 => URL[GET /resource/sse],参数类型[param],参数:[{"Authorization":["Bearer eyJ0eXAiOiJKV1QiLCJhbGciOiJIUzI1NiJ9.eyJsb2dpblR5cGUiOiJsb2dpbiIsImxvZ2luSWQiOiJzeXNfdXNlcjoxIiwicm5TdHIiOiJKNlk4ZHVod2FWdHA0TkVqaFljalpyU2U2d0hPbnF3ayIsImNsaWVudGlkIjoiZTVjZDdlNDg5MWJmOTVkMWQxOTIwNmNlMjRhN2IzMmUiLCJ0ZW5hbnRJZCI6IjAwMDAwMCIsInVzZXJJZCI6MSwidXNlck5hbWUiOiJhZG1pbiIsImRlcHRJZCI6MTAzLCJkZXB0TmFtZSI6IueglOWPkemDqOmXqCIsImRlcHRDYXRlZ29yeSI6IiJ9.tnUbvYXvEws8IpQC6wQYqHgG_e1-qSxjdb0s96ovoDw"],"clientid":["e5cd7e4891bf95d1d19206ce24a7b32e"]}]
2026-01-13 11:52:48 [XNIO-1 task-2] INFO  o.d.c.w.i.PlusWebInvokeTimeInterceptor - [PLUS]开始请求 => URL[GET /resource/sse],参数类型[param],参数:[{"Authorization":["Bearer eyJ0eXAiOiJKV1QiLCJhbGciOiJIUzI1NiJ9.eyJsb2dpblR5cGUiOiJsb2dpbiIsImxvZ2luSWQiOiJzeXNfdXNlcjoxIiwicm5TdHIiOiJKNlk4ZHVod2FWdHA0TkVqaFljalpyU2U2d0hPbnF3ayIsImNsaWVudGlkIjoiZTVjZDdlNDg5MWJmOTVkMWQxOTIwNmNlMjRhN2IzMmUiLCJ0ZW5hbnRJZCI6IjAwMDAwMCIsInVzZXJJZCI6MSwidXNlck5hbWUiOiJhZG1pbiIsImRlcHRJZCI6MTAzLCJkZXB0TmFtZSI6IueglOWPkemDqOmXqCIsImRlcHRDYXRlZ29yeSI6IiJ9.tnUbvYXvEws8IpQC6wQYqHgG_e1-qSxjdb0s96ovoDw"],"clientid":["e5cd7e4891bf95d1d19206ce24a7b32e"]}]
2026-01-13 11:52:48 [XNIO-1 task-2] INFO  o.d.c.w.i.PlusWebInvokeTimeInterceptor - [PLUS]结束请求 => URL[GET /resource/sse],耗时:[4]毫秒
2026-01-13 11:52:48 [XNIO-1 task-3] INFO  o.d.c.w.i.PlusWebInvokeTimeInterceptor - [PLUS]开始请求 => URL[GET /resource/sse],参数类型[param],参数:[{"Authorization":["Bearer eyJ0eXAiOiJKV1QiLCJhbGciOiJIUzI1NiJ9.eyJsb2dpblR5cGUiOiJsb2dpbiIsImxvZ2luSWQiOiJzeXNfdXNlcjoxIiwicm5TdHIiOiJKNlk4ZHVod2FWdHA0TkVqaFljalpyU2U2d0hPbnF3ayIsImNsaWVudGlkIjoiZTVjZDdlNDg5MWJmOTVkMWQxOTIwNmNlMjRhN2IzMmUiLCJ0ZW5hbnRJZCI6IjAwMDAwMCIsInVzZXJJZCI6MSwidXNlck5hbWUiOiJhZG1pbiIsImRlcHRJZCI6MTAzLCJkZXB0TmFtZSI6IueglOWPkemDqOmXqCIsImRlcHRDYXRlZ29yeSI6IiJ9.tnUbvYXvEws8IpQC6wQYqHgG_e1-qSxjdb0s96ovoDw"],"clientid":["e5cd7e4891bf95d1d19206ce24a7b32e"]}]
2026-01-13 11:52:48 [XNIO-1 task-3] INFO  o.d.c.w.i.PlusWebInvokeTimeInterceptor - [PLUS]结束请求 => URL[GET /resource/sse],耗时:[0]毫秒
2026-01-13 11:53:04 [XNIO-1 task-3] INFO  o.d.c.w.i.PlusWebInvokeTimeInterceptor - [PLUS]开始请求 => URL[GET /system/user/getInfo],无参数
2026-01-13 11:53:04 [XNIO-1 task-3] INFO  o.d.c.w.i.PlusWebInvokeTimeInterceptor - [PLUS]结束请求 => URL[GET /system/user/getInfo],耗时:[57]毫秒
2026-01-13 11:53:04 [XNIO-1 task-3] INFO  o.d.c.w.i.PlusWebInvokeTimeInterceptor - [PLUS]开始请求 => URL[GET /system/menu/getRouters],无参数
2026-01-13 11:53:04 [XNIO-1 task-3] INFO  o.d.c.w.i.PlusWebInvokeTimeInterceptor - [PLUS]结束请求 => URL[GET /system/menu/getRouters],耗时:[23]毫秒
2026-01-13 11:53:06 [XNIO-1 task-3] INFO  o.d.c.w.i.PlusWebInvokeTimeInterceptor - [PLUS]开始请求 => URL[GET /auth/tenant/list],无参数
2026-01-13 11:53:06 [XNIO-1 task-3] INFO  o.d.c.r.aspectj.RateLimiterAspect - 限制令牌 => 20, 剩余令牌 => 19, 缓存key => 'global:rate_limit:/auth/tenant/list:0:0:0:0:0:0:0:1:'
2026-01-13 11:53:06 [XNIO-1 task-2] INFO  o.d.c.w.i.PlusWebInvokeTimeInterceptor - [PLUS]开始请求 => URL[GET /resource/sse],参数类型[param],参数:[{"Authorization":["Bearer eyJ0eXAiOiJKV1QiLCJhbGciOiJIUzI1NiJ9.eyJsb2dpblR5cGUiOiJsb2dpbiIsImxvZ2luSWQiOiJzeXNfdXNlcjoxIiwicm5TdHIiOiJKNlk4ZHVod2FWdHA0TkVqaFljalpyU2U2d0hPbnF3ayIsImNsaWVudGlkIjoiZTVjZDdlNDg5MWJmOTVkMWQxOTIwNmNlMjRhN2IzMmUiLCJ0ZW5hbnRJZCI6IjAwMDAwMCIsInVzZXJJZCI6MSwidXNlck5hbWUiOiJhZG1pbiIsImRlcHRJZCI6MTAzLCJkZXB0TmFtZSI6IueglOWPkemDqOmXqCIsImRlcHRDYXRlZ29yeSI6IiJ9.tnUbvYXvEws8IpQC6wQYqHgG_e1-qSxjdb0s96ovoDw"],"clientid":["e5cd7e4891bf95d1d19206ce24a7b32e"]}]
2026-01-13 11:53:06 [XNIO-1 task-3] INFO  o.d.c.w.i.PlusWebInvokeTimeInterceptor - [PLUS]结束请求 => URL[GET /auth/tenant/list],耗时:[73]毫秒
2026-01-13 11:54:06 [XNIO-1 task-3] INFO  o.d.c.w.i.PlusWebInvokeTimeInterceptor - [PLUS]开始请求 => URL[GET /monitor/online/list],无参数
2026-01-13 11:54:06 [XNIO-1 task-3] INFO  o.d.c.w.i.PlusWebInvokeTimeInterceptor - [PLUS]结束请求 => URL[GET /monitor/online/list],耗时:[334]毫秒
2026-01-13 11:54:16 [XNIO-1 task-3] INFO  o.d.c.w.i.PlusWebInvokeTimeInterceptor - [PLUS]开始请求 => URL[GET /monitor/cache],无参数
2026-01-13 11:54:16 [XNIO-1 task-3] INFO  o.d.c.w.i.PlusWebInvokeTimeInterceptor - [PLUS]结束请求 => URL[GET /monitor/cache],耗时:[276]毫秒
2026-01-13 11:54:25 [XNIO-1 task-3] INFO  o.d.c.w.i.PlusWebInvokeTimeInterceptor - [PLUS]开始请求 => URL[GET /demo/demo/list],参数类型[param],参数:[{"pageSize":["10"],"pageNum":["1"]}]
2026-01-13 11:54:25 [XNIO-1 task-3] INFO  o.d.c.w.i.PlusWebInvokeTimeInterceptor - [PLUS]结束请求 => URL[GET /demo/demo/list],耗时:[672]毫秒
2026-01-13 11:54:31 [XNIO-1 task-3] INFO  o.d.c.w.i.PlusWebInvokeTimeInterceptor - [PLUS]开始请求 => URL[GET /demo/tree/list],无参数
2026-01-13 11:54:31 [XNIO-1 task-3] INFO  o.d.c.w.i.PlusWebInvokeTimeInterceptor - [PLUS]结束请求 => URL[GET /demo/tree/list],耗时:[103]毫秒
2026-01-13 11:54:46 [XNIO-1 task-3] INFO  o.d.c.w.i.PlusWebInvokeTimeInterceptor - [PLUS]开始请求 => URL[GET /workflow/instance/pageByCurrent],参数类型[param],参数:[{"nodeName":[""],"flowCode":[""],"pageSize":["10"],"category":[""],"flowName":[""],"pageNum":["1"]}]
2026-01-13 11:54:46 [XNIO-1 task-3] INFO  o.d.c.w.i.PlusWebInvokeTimeInterceptor - [PLUS]结束请求 => URL[GET /workflow/instance/pageByCurrent],耗时:[347]毫秒
2026-01-13 11:55:15 [XNIO-1 task-3] INFO  o.d.c.w.i.PlusWebInvokeTimeInterceptor - [PLUS]开始请求 => URL[GET /workflow/task/pageByTaskCopy],参数类型[param],参数:[{"nodeName":[""],"flowCode":[""],"pageSize":["10"],"category":[""],"flowName":[""],"pageNum":["1"]}]
2026-01-13 11:55:15 [XNIO-1 task-2] INFO  o.d.c.w.i.PlusWebInvokeTimeInterceptor - [PLUS]开始请求 => URL[GET /workflow/category/categoryTree],无参数
2026-01-13 11:55:15 [XNIO-1 task-2] INFO  o.d.c.w.i.PlusWebInvokeTimeInterceptor - [PLUS]结束请求 => URL[GET /workflow/category/categoryTree],耗时:[142]毫秒
2026-01-13 11:55:15 [XNIO-1 task-3] INFO  o.d.c.w.i.PlusWebInvokeTimeInterceptor - [PLUS]结束请求 => URL[GET /workflow/task/pageByTaskCopy],耗时:[330]毫秒
2026-01-13 11:55:23 [XNIO-1 task-2] INFO  o.d.c.w.i.PlusWebInvokeTimeInterceptor - [PLUS]开始请求 => URL[GET /workflow/task/pageByTaskFinish],参数类型[param],参数:[{"nodeName":[""],"flowCode":[""],"pageSize":["10"],"category":[""],"flowName":[""],"pageNum":["1"]}]
2026-01-13 11:55:23 [XNIO-1 task-3] INFO  o.d.c.w.i.PlusWebInvokeTimeInterceptor - [PLUS]开始请求 => URL[GET /workflow/category/categoryTree],无参数
2026-01-13 11:55:23 [XNIO-1 task-3] INFO  o.d.c.w.i.PlusWebInvokeTimeInterceptor - [PLUS]结束请求 => URL[GET /workflow/category/categoryTree],耗时:[22]毫秒
2026-01-13 11:55:23 [XNIO-1 task-2] INFO  o.d.c.w.i.PlusWebInvokeTimeInterceptor - [PLUS]结束请求 => URL[GET /workflow/task/pageByTaskFinish],耗时:[151]毫秒
2026-01-13 11:55:25 [XNIO-1 task-3] INFO  o.d.c.w.i.PlusWebInvokeTimeInterceptor - [PLUS]开始请求 => URL[GET /workflow/task/pageByTaskCopy],参数类型[param],参数:[{"nodeName":[""],"flowCode":[""],"pageSize":["10"],"category":[""],"flowName":[""],"pageNum":["1"]}]
2026-01-13 11:55:25 [XNIO-1 task-2] INFO  o.d.c.w.i.PlusWebInvokeTimeInterceptor - [PLUS]开始请求 => URL[GET /workflow/category/categoryTree],无参数
2026-01-13 11:55:25 [XNIO-1 task-2] INFO  o.d.c.w.i.PlusWebInvokeTimeInterceptor - [PLUS]结束请求 => URL[GET /workflow/category/categoryTree],耗时:[28]毫秒
2026-01-13 11:55:25 [XNIO-1 task-3] INFO  o.d.c.w.i.PlusWebInvokeTimeInterceptor - [PLUS]结束请求 => URL[GET /workflow/task/pageByTaskCopy],耗时:[35]毫秒
2026-01-13 11:55:41 [XNIO-1 task-3] INFO  o.d.c.w.i.PlusWebInvokeTimeInterceptor - [PLUS]开始请求 => URL[GET /workflow/category/list],无参数
2026-01-13 11:55:41 [XNIO-1 task-3] INFO  o.d.c.w.i.PlusWebInvokeTimeInterceptor - [PLUS]结束请求 => URL[GET /workflow/category/list],耗时:[182]毫秒
2026-01-13 13:32:15 [XNIO-1 task-4] ERROR o.d.c.s.h.SaTokenExceptionHandler - 请求地址'/system/menu/list',认证失败'token 已被冻结：eyJ0eXAiOiJKV1QiLCJhbGciOiJIUzI1NiJ9.eyJsb2dpblR5cGUiOiJsb2dpbiIsImxvZ2luSWQiOiJzeXNfdXNlcjoxIiwicm5TdHIiOiJKNlk4ZHVod2FWdHA0TkVqaFljalpyU2U2d0hPbnF3ayIsImNsaWVudGlkIjoiZTVjZDdlNDg5MWJmOTVkMWQxOTIwNmNlMjRhN2IzMmUiLCJ0ZW5hbnRJZCI6IjAwMDAwMCIsInVzZXJJZCI6MSwidXNlck5hbWUiOiJhZG1pbiIsImRlcHRJZCI6MTAzLCJkZXB0TmFtZSI6IueglOWPkemDqOmXqCIsImRlcHRDYXRlZ29yeSI6IiJ9.tnUbvYXvEws8IpQC6wQYqHgG_e1-qSxjdb0s96ovoDw',无法访问系统资源
2026-01-13 13:32:15 [XNIO-1 task-2] ERROR o.d.c.s.h.SaTokenExceptionHandler - 请求地址'/system/dict/data/type/sys_show_hide',认证失败'token 已被冻结：eyJ0eXAiOiJKV1QiLCJhbGciOiJIUzI1NiJ9.eyJsb2dpblR5cGUiOiJsb2dpbiIsImxvZ2luSWQiOiJzeXNfdXNlcjoxIiwicm5TdHIiOiJKNlk4ZHVod2FWdHA0TkVqaFljalpyU2U2d0hPbnF3ayIsImNsaWVudGlkIjoiZTVjZDdlNDg5MWJmOTVkMWQxOTIwNmNlMjRhN2IzMmUiLCJ0ZW5hbnRJZCI6IjAwMDAwMCIsInVzZXJJZCI6MSwidXNlck5hbWUiOiJhZG1pbiIsImRlcHRJZCI6MTAzLCJkZXB0TmFtZSI6IueglOWPkemDqOmXqCIsImRlcHRDYXRlZ29yeSI6IiJ9.tnUbvYXvEws8IpQC6wQYqHgG_e1-qSxjdb0s96ovoDw',无法访问系统资源
2026-01-13 13:32:15 [XNIO-1 task-3] ERROR o.d.c.s.h.SaTokenExceptionHandler - 请求地址'/system/dict/data/type/sys_normal_disable',认证失败'token 已被冻结：eyJ0eXAiOiJKV1QiLCJhbGciOiJIUzI1NiJ9.eyJsb2dpblR5cGUiOiJsb2dpbiIsImxvZ2luSWQiOiJzeXNfdXNlcjoxIiwicm5TdHIiOiJKNlk4ZHVod2FWdHA0TkVqaFljalpyU2U2d0hPbnF3ayIsImNsaWVudGlkIjoiZTVjZDdlNDg5MWJmOTVkMWQxOTIwNmNlMjRhN2IzMmUiLCJ0ZW5hbnRJZCI6IjAwMDAwMCIsInVzZXJJZCI6MSwidXNlck5hbWUiOiJhZG1pbiIsImRlcHRJZCI6MTAzLCJkZXB0TmFtZSI6IueglOWPkemDqOmXqCIsImRlcHRDYXRlZ29yeSI6IiJ9.tnUbvYXvEws8IpQC6wQYqHgG_e1-qSxjdb0s96ovoDw',无法访问系统资源
2026-01-13 13:32:15 [XNIO-1 task-2] INFO  o.d.c.w.i.PlusWebInvokeTimeInterceptor - [PLUS]开始请求 => URL[GET /resource/sse/close],无参数
2026-01-13 13:32:15 [XNIO-1 task-2] INFO  o.d.c.w.i.PlusWebInvokeTimeInterceptor - [PLUS]结束请求 => URL[GET /resource/sse/close],耗时:[19]毫秒
2026-01-13 13:32:15 [XNIO-1 task-3] INFO  o.d.c.w.i.PlusWebInvokeTimeInterceptor - [PLUS]开始请求 => URL[POST /auth/logout],无参数
2026-01-13 13:32:15 [XNIO-1 task-4] INFO  o.d.c.w.i.PlusWebInvokeTimeInterceptor - [PLUS]开始请求 => URL[GET /resource/sse],参数类型[param],参数:[{"Authorization":["Bearer eyJ0eXAiOiJKV1QiLCJhbGciOiJIUzI1NiJ9.eyJsb2dpblR5cGUiOiJsb2dpbiIsImxvZ2luSWQiOiJzeXNfdXNlcjoxIiwicm5TdHIiOiJKNlk4ZHVod2FWdHA0TkVqaFljalpyU2U2d0hPbnF3ayIsImNsaWVudGlkIjoiZTVjZDdlNDg5MWJmOTVkMWQxOTIwNmNlMjRhN2IzMmUiLCJ0ZW5hbnRJZCI6IjAwMDAwMCIsInVzZXJJZCI6MSwidXNlck5hbWUiOiJhZG1pbiIsImRlcHRJZCI6MTAzLCJkZXB0TmFtZSI6IueglOWPkemDqOmXqCIsImRlcHRDYXRlZ29yeSI6IiJ9.tnUbvYXvEws8IpQC6wQYqHgG_e1-qSxjdb0s96ovoDw"],"clientid":["e5cd7e4891bf95d1d19206ce24a7b32e"]}]
2026-01-13 13:32:15 [XNIO-1 task-4] INFO  o.d.c.w.i.PlusWebInvokeTimeInterceptor - [PLUS]结束请求 => URL[GET /resource/sse],耗时:[1]毫秒
2026-01-13 13:32:15 [XNIO-1 task-3] INFO  o.d.c.w.i.PlusWebInvokeTimeInterceptor - [PLUS]结束请求 => URL[POST /auth/logout],耗时:[15]毫秒
2026-01-13 13:32:16 [XNIO-1 task-3] INFO  o.d.c.w.i.PlusWebInvokeTimeInterceptor - [PLUS]开始请求 => URL[GET /auth/tenant/list],无参数
2026-01-13 13:32:16 [XNIO-1 task-4] INFO  o.d.c.w.i.PlusWebInvokeTimeInterceptor - [PLUS]开始请求 => URL[GET /auth/code],无参数
2026-01-13 13:32:16 [XNIO-1 task-4] INFO  o.d.c.w.i.PlusWebInvokeTimeInterceptor - [PLUS]结束请求 => URL[GET /auth/code],耗时:[60]毫秒
2026-01-13 13:32:16 [XNIO-1 task-3] INFO  o.d.c.r.aspectj.RateLimiterAspect - 限制令牌 => 20, 剩余令牌 => 19, 缓存key => 'global:rate_limit:/auth/tenant/list:0:0:0:0:0:0:0:1:'
2026-01-13 13:32:16 [XNIO-1 task-3] INFO  o.d.c.w.i.PlusWebInvokeTimeInterceptor - [PLUS]结束请求 => URL[GET /auth/tenant/list],耗时:[174]毫秒
2026-01-13 13:32:20 [XNIO-1 task-3] INFO  o.d.c.w.i.PlusWebInvokeTimeInterceptor - [PLUS]开始请求 => URL[POST /auth/login],参数类型[json],参数:[{"tenantId":"000000","username":"admin","grantType":"password","clientId":"e5cd7e4891bf95d1d19206ce24a7b32e"}]
2026-01-13 13:32:20 [async-2] INFO  o.d.s.s.i.SysLogininforServiceImpl - [0:0:0:0:0:0:0:1]内网IP[admin][Success][登录成功]
2026-01-13 13:32:20 [XNIO-1 task-3] INFO  o.d.web.listener.UserActionListener - user doLogin, userId:sys_user:1, token:eyJ0eXAiOiJKV1QiLCJhbGciOiJIUzI1NiJ9.eyJsb2dpblR5cGUiOiJsb2dpbiIsImxvZ2luSWQiOiJzeXNfdXNlcjoxIiwicm5TdHIiOiJSNFd4RWpqc0FiajFJekNkRzlqcnpFY0k0TEVzdGp5aiIsImNsaWVudGlkIjoiZTVjZDdlNDg5MWJmOTVkMWQxOTIwNmNlMjRhN2IzMmUiLCJ0ZW5hbnRJZCI6IjAwMDAwMCIsInVzZXJJZCI6MSwidXNlck5hbWUiOiJhZG1pbiIsImRlcHRJZCI6MTAzLCJkZXB0TmFtZSI6IueglOWPkemDqOmXqCIsImRlcHRDYXRlZ29yeSI6IiJ9.hgctjqymPXVqIDHSTUetjlB4Hcfhxt6icwavtlcPi4A
2026-01-13 13:32:20 [XNIO-1 task-3] INFO  o.d.c.w.i.PlusWebInvokeTimeInterceptor - [PLUS]结束请求 => URL[POST /auth/login],耗时:[248]毫秒
2026-01-13 13:32:20 [XNIO-1 task-3] INFO  o.d.c.w.i.PlusWebInvokeTimeInterceptor - [PLUS]开始请求 => URL[GET /system/user/getInfo],无参数
2026-01-13 13:32:20 [XNIO-1 task-3] INFO  o.d.c.w.i.PlusWebInvokeTimeInterceptor - [PLUS]结束请求 => URL[GET /system/user/getInfo],耗时:[24]毫秒
2026-01-13 13:32:20 [XNIO-1 task-3] INFO  o.d.c.w.i.PlusWebInvokeTimeInterceptor - [PLUS]开始请求 => URL[GET /system/menu/getRouters],无参数
2026-01-13 13:32:20 [XNIO-1 task-3] INFO  o.d.c.w.i.PlusWebInvokeTimeInterceptor - [PLUS]结束请求 => URL[GET /system/menu/getRouters],耗时:[27]毫秒
2026-01-13 13:32:21 [XNIO-1 task-2] INFO  o.d.c.w.i.PlusWebInvokeTimeInterceptor - [PLUS]开始请求 => URL[GET /auth/tenant/list],无参数
2026-01-13 13:32:21 [XNIO-1 task-3] INFO  o.d.c.w.i.PlusWebInvokeTimeInterceptor - [PLUS]开始请求 => URL[GET /system/dict/data/type/sys_show_hide],无参数
2026-01-13 13:32:21 [XNIO-1 task-2] INFO  o.d.c.r.aspectj.RateLimiterAspect - 限制令牌 => 20, 剩余令牌 => 18, 缓存key => 'global:rate_limit:/auth/tenant/list:0:0:0:0:0:0:0:1:'
2026-01-13 13:32:21 [XNIO-1 task-4] INFO  o.d.c.w.i.PlusWebInvokeTimeInterceptor - [PLUS]开始请求 => URL[GET /system/dict/data/type/sys_normal_disable],无参数
2026-01-13 13:32:21 [XNIO-1 task-2] INFO  o.d.c.w.i.PlusWebInvokeTimeInterceptor - [PLUS]结束请求 => URL[GET /auth/tenant/list],耗时:[24]毫秒
2026-01-13 13:32:21 [XNIO-1 task-2] INFO  o.d.c.w.i.PlusWebInvokeTimeInterceptor - [PLUS]开始请求 => URL[GET /system/menu/list],无参数
2026-01-13 13:32:21 [XNIO-1 task-5] INFO  o.d.c.w.i.PlusWebInvokeTimeInterceptor - [PLUS]开始请求 => URL[GET /resource/sse],参数类型[param],参数:[{"Authorization":["Bearer eyJ0eXAiOiJKV1QiLCJhbGciOiJIUzI1NiJ9.eyJsb2dpblR5cGUiOiJsb2dpbiIsImxvZ2luSWQiOiJzeXNfdXNlcjoxIiwicm5TdHIiOiJSNFd4RWpqc0FiajFJekNkRzlqcnpFY0k0TEVzdGp5aiIsImNsaWVudGlkIjoiZTVjZDdlNDg5MWJmOTVkMWQxOTIwNmNlMjRhN2IzMmUiLCJ0ZW5hbnRJZCI6IjAwMDAwMCIsInVzZXJJZCI6MSwidXNlck5hbWUiOiJhZG1pbiIsImRlcHRJZCI6MTAzLCJkZXB0TmFtZSI6IueglOWPkemDqOmXqCIsImRlcHRDYXRlZ29yeSI6IiJ9.hgctjqymPXVqIDHSTUetjlB4Hcfhxt6icwavtlcPi4A"],"clientid":["e5cd7e4891bf95d1d19206ce24a7b32e"]}]
2026-01-13 13:32:21 [XNIO-1 task-4] INFO  o.d.c.w.i.PlusWebInvokeTimeInterceptor - [PLUS]结束请求 => URL[GET /system/dict/data/type/sys_normal_disable],耗时:[245]毫秒
2026-01-13 13:32:21 [XNIO-1 task-3] INFO  o.d.c.w.i.PlusWebInvokeTimeInterceptor - [PLUS]结束请求 => URL[GET /system/dict/data/type/sys_show_hide],耗时:[248]毫秒
2026-01-13 13:32:21 [XNIO-1 task-2] INFO  o.d.c.w.i.PlusWebInvokeTimeInterceptor - [PLUS]结束请求 => URL[GET /system/menu/list],耗时:[208]毫秒
2026-01-13 13:32:25 [schedule-pool-9] INFO  o.d.c.sse.core.SseEmitterManager - SSE发送主题订阅消息topic:global:sse session keys:[1] message:下午好，欢迎登录 RuoYi-Vue-Plus 后台管理系统
2026-01-13 13:32:25 [redisson-3-3] INFO  o.d.c.sse.listener.SseTopicListener - SSE主题订阅收到消息session keys=[1] message=下午好，欢迎登录 RuoYi-Vue-Plus 后台管理系统
2026-01-13 13:32:55 [XNIO-1 task-2] INFO  o.d.c.w.i.PlusWebInvokeTimeInterceptor - [PLUS]开始请求 => URL[GET /system/tenant/list],参数类型[param],参数:[{"pageSize":["10"],"pageNum":["1"]}]
2026-01-13 13:32:55 [XNIO-1 task-2] INFO  o.d.c.w.i.PlusWebInvokeTimeInterceptor - [PLUS]结束请求 => URL[GET /system/tenant/list],耗时:[117]毫秒
2026-01-13 13:33:01 [XNIO-1 task-2] INFO  o.d.c.w.i.PlusWebInvokeTimeInterceptor - [PLUS]开始请求 => URL[GET /resource/sse/close],无参数
2026-01-13 13:33:01 [XNIO-1 task-3] INFO  o.d.c.w.i.PlusWebInvokeTimeInterceptor - [PLUS]开始请求 => URL[POST /auth/logout],无参数
2026-01-13 13:33:01 [XNIO-1 task-4] INFO  o.d.c.w.i.PlusWebInvokeTimeInterceptor - [PLUS]开始请求 => URL[GET /resource/sse],参数类型[param],参数:[{"Authorization":["Bearer eyJ0eXAiOiJKV1QiLCJhbGciOiJIUzI1NiJ9.eyJsb2dpblR5cGUiOiJsb2dpbiIsImxvZ2luSWQiOiJzeXNfdXNlcjoxIiwicm5TdHIiOiJSNFd4RWpqc0FiajFJekNkRzlqcnpFY0k0TEVzdGp5aiIsImNsaWVudGlkIjoiZTVjZDdlNDg5MWJmOTVkMWQxOTIwNmNlMjRhN2IzMmUiLCJ0ZW5hbnRJZCI6IjAwMDAwMCIsInVzZXJJZCI6MSwidXNlck5hbWUiOiJhZG1pbiIsImRlcHRJZCI6MTAzLCJkZXB0TmFtZSI6IueglOWPkemDqOmXqCIsImRlcHRDYXRlZ29yeSI6IiJ9.hgctjqymPXVqIDHSTUetjlB4Hcfhxt6icwavtlcPi4A"],"clientid":["e5cd7e4891bf95d1d19206ce24a7b32e"]}]
2026-01-13 13:33:01 [XNIO-1 task-2] INFO  o.d.c.w.i.PlusWebInvokeTimeInterceptor - [PLUS]结束请求 => URL[GET /resource/sse/close],耗时:[1]毫秒
2026-01-13 13:33:01 [XNIO-1 task-4] INFO  o.d.c.w.i.PlusWebInvokeTimeInterceptor - [PLUS]结束请求 => URL[GET /resource/sse],耗时:[0]毫秒
2026-01-13 13:33:01 [async-3] INFO  o.d.s.s.i.SysLogininforServiceImpl - [0:0:0:0:0:0:0:1]内网IP[admin][Logout][退出成功]
2026-01-13 13:33:01 [XNIO-1 task-3] INFO  o.d.web.listener.UserActionListener - user doLogout, userId:sys_user:1, token:eyJ0eXAiOiJKV1QiLCJhbGciOiJIUzI1NiJ9.eyJsb2dpblR5cGUiOiJsb2dpbiIsImxvZ2luSWQiOiJzeXNfdXNlcjoxIiwicm5TdHIiOiJSNFd4RWpqc0FiajFJekNkRzlqcnpFY0k0TEVzdGp5aiIsImNsaWVudGlkIjoiZTVjZDdlNDg5MWJmOTVkMWQxOTIwNmNlMjRhN2IzMmUiLCJ0ZW5hbnRJZCI6IjAwMDAwMCIsInVzZXJJZCI6MSwidXNlck5hbWUiOiJhZG1pbiIsImRlcHRJZCI6MTAzLCJkZXB0TmFtZSI6IueglOWPkemDqOmXqCIsImRlcHRDYXRlZ29yeSI6IiJ9.hgctjqymPXVqIDHSTUetjlB4Hcfhxt6icwavtlcPi4A
2026-01-13 13:33:01 [XNIO-1 task-3] INFO  o.d.c.w.i.PlusWebInvokeTimeInterceptor - [PLUS]结束请求 => URL[POST /auth/logout],耗时:[43]毫秒
2026-01-13 13:33:02 [XNIO-1 task-3] INFO  o.d.c.w.i.PlusWebInvokeTimeInterceptor - [PLUS]开始请求 => URL[GET /auth/code],无参数
2026-01-13 13:33:02 [XNIO-1 task-4] INFO  o.d.c.w.i.PlusWebInvokeTimeInterceptor - [PLUS]开始请求 => URL[GET /auth/tenant/list],无参数
2026-01-13 13:33:02 [XNIO-1 task-3] INFO  o.d.c.w.i.PlusWebInvokeTimeInterceptor - [PLUS]结束请求 => URL[GET /auth/code],耗时:[0]毫秒
2026-01-13 13:33:02 [XNIO-1 task-4] INFO  o.d.c.r.aspectj.RateLimiterAspect - 限制令牌 => 20, 剩余令牌 => 17, 缓存key => 'global:rate_limit:/auth/tenant/list:0:0:0:0:0:0:0:1:'
2026-01-13 13:33:02 [XNIO-1 task-4] INFO  o.d.c.w.i.PlusWebInvokeTimeInterceptor - [PLUS]结束请求 => URL[GET /auth/tenant/list],耗时:[24]毫秒
2026-01-13 13:33:06 [XNIO-1 task-3] INFO  o.d.c.w.i.PlusWebInvokeTimeInterceptor - [PLUS]开始请求 => URL[GET /auth/code],无参数
2026-01-13 13:33:06 [XNIO-1 task-4] INFO  o.d.c.w.i.PlusWebInvokeTimeInterceptor - [PLUS]开始请求 => URL[GET /auth/tenant/list],无参数
2026-01-13 13:33:06 [XNIO-1 task-3] INFO  o.d.c.w.i.PlusWebInvokeTimeInterceptor - [PLUS]结束请求 => URL[GET /auth/code],耗时:[3]毫秒
2026-01-13 13:33:06 [XNIO-1 task-4] INFO  o.d.c.r.aspectj.RateLimiterAspect - 限制令牌 => 20, 剩余令牌 => 16, 缓存key => 'global:rate_limit:/auth/tenant/list:0:0:0:0:0:0:0:1:'
2026-01-13 13:33:06 [XNIO-1 task-4] INFO  o.d.c.w.i.PlusWebInvokeTimeInterceptor - [PLUS]结束请求 => URL[GET /auth/tenant/list],耗时:[15]毫秒
2026-01-13 13:39:44 [XNIO-1 task-3] INFO  o.d.c.w.i.PlusWebInvokeTimeInterceptor - [PLUS]开始请求 => URL[GET /auth/code],无参数
2026-01-13 13:39:44 [XNIO-1 task-4] INFO  o.d.c.w.i.PlusWebInvokeTimeInterceptor - [PLUS]开始请求 => URL[GET /auth/tenant/list],无参数
2026-01-13 13:39:44 [XNIO-1 task-4] INFO  o.d.c.r.aspectj.RateLimiterAspect - 限制令牌 => 20, 剩余令牌 => 19, 缓存key => 'global:rate_limit:/auth/tenant/list:0:0:0:0:0:0:0:1:'
2026-01-13 13:39:44 [XNIO-1 task-3] INFO  o.d.c.w.i.PlusWebInvokeTimeInterceptor - [PLUS]结束请求 => URL[GET /auth/code],耗时:[46]毫秒
2026-01-13 13:39:44 [XNIO-1 task-4] INFO  o.d.c.w.i.PlusWebInvokeTimeInterceptor - [PLUS]结束请求 => URL[GET /auth/tenant/list],耗时:[86]毫秒
2026-01-13 13:39:49 [XNIO-1 task-4] INFO  o.d.c.w.i.PlusWebInvokeTimeInterceptor - [PLUS]开始请求 => URL[POST /auth/login],参数类型[json],参数:[{"tenantId":"000000","username":"admin","grantType":"password","clientId":"e5cd7e4891bf95d1d19206ce24a7b32e"}]
2026-01-13 13:39:49 [async-4] INFO  o.d.s.s.i.SysLogininforServiceImpl - [0:0:0:0:0:0:0:1]内网IP[admin][Success][登录成功]
2026-01-13 13:39:49 [XNIO-1 task-4] INFO  o.d.web.listener.UserActionListener - user doLogin, userId:sys_user:1, token:eyJ0eXAiOiJKV1QiLCJhbGciOiJIUzI1NiJ9.eyJsb2dpblR5cGUiOiJsb2dpbiIsImxvZ2luSWQiOiJzeXNfdXNlcjoxIiwicm5TdHIiOiJhTmNiRksxaVQ5d3BYYWtWN1M4TGVGM3Y1VkhDVXl5byIsImNsaWVudGlkIjoiZTVjZDdlNDg5MWJmOTVkMWQxOTIwNmNlMjRhN2IzMmUiLCJ0ZW5hbnRJZCI6IjAwMDAwMCIsInVzZXJJZCI6MSwidXNlck5hbWUiOiJhZG1pbiIsImRlcHRJZCI6MTAzLCJkZXB0TmFtZSI6IueglOWPkemDqOmXqCIsImRlcHRDYXRlZ29yeSI6IiJ9.eL9JKyxiTtmDP3HP_jgimb_p_eorMdtiSZO_NyjeK9w
2026-01-13 13:39:49 [XNIO-1 task-4] INFO  o.d.c.w.i.PlusWebInvokeTimeInterceptor - [PLUS]结束请求 => URL[POST /auth/login],耗时:[265]毫秒
2026-01-13 13:39:49 [XNIO-1 task-4] INFO  o.d.c.w.i.PlusWebInvokeTimeInterceptor - [PLUS]开始请求 => URL[GET /system/user/getInfo],无参数
2026-01-13 13:39:49 [XNIO-1 task-4] INFO  o.d.c.w.i.PlusWebInvokeTimeInterceptor - [PLUS]结束请求 => URL[GET /system/user/getInfo],耗时:[56]毫秒
2026-01-13 13:39:49 [XNIO-1 task-4] INFO  o.d.c.w.i.PlusWebInvokeTimeInterceptor - [PLUS]开始请求 => URL[GET /system/menu/getRouters],无参数
2026-01-13 13:39:49 [XNIO-1 task-4] INFO  o.d.c.w.i.PlusWebInvokeTimeInterceptor - [PLUS]结束请求 => URL[GET /system/menu/getRouters],耗时:[34]毫秒
2026-01-13 13:39:50 [XNIO-1 task-4] INFO  o.d.c.w.i.PlusWebInvokeTimeInterceptor - [PLUS]开始请求 => URL[GET /auth/tenant/list],无参数
2026-01-13 13:39:50 [XNIO-1 task-4] INFO  o.d.c.r.aspectj.RateLimiterAspect - 限制令牌 => 20, 剩余令牌 => 18, 缓存key => 'global:rate_limit:/auth/tenant/list:0:0:0:0:0:0:0:1:'
2026-01-13 13:39:50 [XNIO-1 task-3] INFO  o.d.c.w.i.PlusWebInvokeTimeInterceptor - [PLUS]开始请求 => URL[GET /resource/sse],参数类型[param],参数:[{"Authorization":["Bearer eyJ0eXAiOiJKV1QiLCJhbGciOiJIUzI1NiJ9.eyJsb2dpblR5cGUiOiJsb2dpbiIsImxvZ2luSWQiOiJzeXNfdXNlcjoxIiwicm5TdHIiOiJhTmNiRksxaVQ5d3BYYWtWN1M4TGVGM3Y1VkhDVXl5byIsImNsaWVudGlkIjoiZTVjZDdlNDg5MWJmOTVkMWQxOTIwNmNlMjRhN2IzMmUiLCJ0ZW5hbnRJZCI6IjAwMDAwMCIsInVzZXJJZCI6MSwidXNlck5hbWUiOiJhZG1pbiIsImRlcHRJZCI6MTAzLCJkZXB0TmFtZSI6IueglOWPkemDqOmXqCIsImRlcHRDYXRlZ29yeSI6IiJ9.eL9JKyxiTtmDP3HP_jgimb_p_eorMdtiSZO_NyjeK9w"],"clientid":["e5cd7e4891bf95d1d19206ce24a7b32e"]}]
2026-01-13 13:39:50 [XNIO-1 task-4] INFO  o.d.c.w.i.PlusWebInvokeTimeInterceptor - [PLUS]结束请求 => URL[GET /auth/tenant/list],耗时:[43]毫秒
2026-01-13 13:39:54 [schedule-pool-8] INFO  o.d.c.sse.core.SseEmitterManager - SSE发送主题订阅消息topic:global:sse session keys:[1] message:下午好，欢迎登录 RuoYi-Vue-Plus 后台管理系统
2026-01-13 13:39:54 [redisson-3-4] INFO  o.d.c.sse.listener.SseTopicListener - SSE主题订阅收到消息session keys=[1] message=下午好，欢迎登录 RuoYi-Vue-Plus 后台管理系统
2026-01-13 13:39:56 [XNIO-1 task-4] INFO  o.d.c.w.i.PlusWebInvokeTimeInterceptor - [PLUS]开始请求 => URL[GET /system/tenant/list],参数类型[param],参数:[{"pageSize":["10"],"pageNum":["1"]}]
2026-01-13 13:39:56 [XNIO-1 task-4] INFO  o.d.c.w.i.PlusWebInvokeTimeInterceptor - [PLUS]结束请求 => URL[GET /system/tenant/list],耗时:[44]毫秒
2026-01-13 13:40:00 [XNIO-1 task-4] INFO  o.d.c.w.i.PlusWebInvokeTimeInterceptor - [PLUS]开始请求 => URL[GET /system/dict/data/type/sys_show_hide],无参数
2026-01-13 13:40:00 [XNIO-1 task-3] INFO  o.d.c.w.i.PlusWebInvokeTimeInterceptor - [PLUS]开始请求 => URL[GET /system/dict/data/type/sys_normal_disable],无参数
2026-01-13 13:40:00 [XNIO-1 task-3] INFO  o.d.c.w.i.PlusWebInvokeTimeInterceptor - [PLUS]结束请求 => URL[GET /system/dict/data/type/sys_normal_disable],耗时:[85]毫秒
2026-01-13 13:40:00 [XNIO-1 task-4] INFO  o.d.c.w.i.PlusWebInvokeTimeInterceptor - [PLUS]结束请求 => URL[GET /system/dict/data/type/sys_show_hide],耗时:[87]毫秒
2026-01-13 13:40:00 [XNIO-1 task-4] INFO  o.d.c.w.i.PlusWebInvokeTimeInterceptor - [PLUS]开始请求 => URL[GET /system/menu/list],无参数
2026-01-13 13:40:00 [XNIO-1 task-4] INFO  o.d.c.w.i.PlusWebInvokeTimeInterceptor - [PLUS]结束请求 => URL[GET /system/menu/list],耗时:[111]毫秒
2026-01-13 13:42:02 [XNIO-1 task-4] INFO  o.d.c.w.i.PlusWebInvokeTimeInterceptor - [PLUS]开始请求 => URL[GET /system/tenant/dynamic/000000],无参数
2026-01-13 13:42:03 [XNIO-1 task-4] INFO  o.d.c.w.i.PlusWebInvokeTimeInterceptor - [PLUS]结束请求 => URL[GET /system/tenant/dynamic/000000],耗时:[55]毫秒
2026-01-13 13:42:03 [XNIO-1 task-4] INFO  o.d.c.w.i.PlusWebInvokeTimeInterceptor - [PLUS]开始请求 => URL[GET /system/dict/data/type/sys_show_hide],无参数
2026-01-13 13:42:03 [XNIO-1 task-3] INFO  o.d.c.w.i.PlusWebInvokeTimeInterceptor - [PLUS]开始请求 => URL[GET /system/dict/data/type/sys_normal_disable],无参数
2026-01-13 13:42:03 [XNIO-1 task-4] INFO  o.d.c.w.i.PlusWebInvokeTimeInterceptor - [PLUS]结束请求 => URL[GET /system/dict/data/type/sys_show_hide],耗时:[7]毫秒
2026-01-13 13:42:03 [XNIO-1 task-3] INFO  o.d.c.w.i.PlusWebInvokeTimeInterceptor - [PLUS]结束请求 => URL[GET /system/dict/data/type/sys_normal_disable],耗时:[7]毫秒
2026-01-13 13:42:03 [XNIO-1 task-4] INFO  o.d.c.w.i.PlusWebInvokeTimeInterceptor - [PLUS]开始请求 => URL[GET /system/menu/list],无参数
2026-01-13 13:42:03 [XNIO-1 task-4] INFO  o.d.c.w.i.PlusWebInvokeTimeInterceptor - [PLUS]结束请求 => URL[GET /system/menu/list],耗时:[110]毫秒
2026-01-13 13:42:13 [XNIO-1 task-4] INFO  o.d.c.w.i.PlusWebInvokeTimeInterceptor - [PLUS]开始请求 => URL[GET /system/tenant/dynamic/clear],无参数
2026-01-13 13:42:13 [XNIO-1 task-4] INFO  o.d.c.w.i.PlusWebInvokeTimeInterceptor - [PLUS]结束请求 => URL[GET /system/tenant/dynamic/clear],耗时:[2]毫秒
2026-01-13 13:42:13 [XNIO-1 task-4] INFO  o.d.c.w.i.PlusWebInvokeTimeInterceptor - [PLUS]开始请求 => URL[GET /system/dict/data/type/sys_normal_disable],无参数
2026-01-13 13:42:13 [XNIO-1 task-3] INFO  o.d.c.w.i.PlusWebInvokeTimeInterceptor - [PLUS]开始请求 => URL[GET /system/dict/data/type/sys_show_hide],无参数
2026-01-13 13:42:13 [XNIO-1 task-4] INFO  o.d.c.w.i.PlusWebInvokeTimeInterceptor - [PLUS]结束请求 => URL[GET /system/dict/data/type/sys_normal_disable],耗时:[17]毫秒
2026-01-13 13:42:13 [XNIO-1 task-3] INFO  o.d.c.w.i.PlusWebInvokeTimeInterceptor - [PLUS]结束请求 => URL[GET /system/dict/data/type/sys_show_hide],耗时:[29]毫秒
2026-01-13 13:42:13 [XNIO-1 task-3] INFO  o.d.c.w.i.PlusWebInvokeTimeInterceptor - [PLUS]开始请求 => URL[GET /system/menu/list],无参数
2026-01-13 13:42:13 [XNIO-1 task-3] INFO  o.d.c.w.i.PlusWebInvokeTimeInterceptor - [PLUS]结束请求 => URL[GET /system/menu/list],耗时:[39]毫秒
2026-01-13 13:42:20 [XNIO-1 task-3] INFO  o.d.c.w.i.PlusWebInvokeTimeInterceptor - [PLUS]开始请求 => URL[GET /system/dict/data/type/sys_user_sex],无参数
2026-01-13 13:42:20 [XNIO-1 task-4] INFO  o.d.c.w.i.PlusWebInvokeTimeInterceptor - [PLUS]开始请求 => URL[GET /system/user/deptTree],无参数
2026-01-13 13:42:20 [XNIO-1 task-2] INFO  o.d.c.w.i.PlusWebInvokeTimeInterceptor - [PLUS]开始请求 => URL[GET /system/config/configKey/sys.user.initPassword],无参数
2026-01-13 13:42:20 [XNIO-1 task-3] INFO  o.d.c.w.i.PlusWebInvokeTimeInterceptor - [PLUS]结束请求 => URL[GET /system/dict/data/type/sys_user_sex],耗时:[52]毫秒
2026-01-13 13:42:20 [XNIO-1 task-3] INFO  o.d.c.w.i.PlusWebInvokeTimeInterceptor - [PLUS]开始请求 => URL[GET /system/user/list],参数类型[param],参数:[{"pageSize":["10"],"pageNum":["1"]}]
2026-01-13 13:42:20 [XNIO-1 task-4] INFO  o.d.c.w.i.PlusWebInvokeTimeInterceptor - [PLUS]结束请求 => URL[GET /system/user/deptTree],耗时:[137]毫秒
2026-01-13 13:42:21 [XNIO-1 task-2] INFO  o.d.c.w.i.PlusWebInvokeTimeInterceptor - [PLUS]结束请求 => URL[GET /system/config/configKey/sys.user.initPassword],耗时:[230]毫秒
2026-01-13 13:42:21 [XNIO-1 task-3] INFO  o.d.c.w.i.PlusWebInvokeTimeInterceptor - [PLUS]结束请求 => URL[GET /system/user/list],耗时:[239]毫秒
2026-01-13 13:44:18 [XNIO-1 task-3] INFO  o.d.c.w.i.PlusWebInvokeTimeInterceptor - [PLUS]开始请求 => URL[GET /system/menu/list],无参数
2026-01-13 13:44:18 [XNIO-1 task-3] INFO  o.d.c.w.i.PlusWebInvokeTimeInterceptor - [PLUS]结束请求 => URL[GET /system/menu/list],耗时:[80]毫秒
2026-01-13 13:52:19 [background-preinit] INFO  o.h.validator.internal.util.Version - HV000001: Hibernate Validator 8.0.3.Final
2026-01-13 13:52:19 [main] INFO  org.dromara.DromaraApplication - Starting DromaraApplication using Java 17.0.17 with PID 72296 (/Users/chaoxu/company/H1/robot_admin/ruoyi-admin/target/classes started by chaoxu in /Users/chaoxu/company/H1/robot_admin)
2026-01-13 13:52:19 [main] INFO  org.dromara.DromaraApplication - The following 1 profile is active: "dev"
2026-01-13 13:52:24 [main] INFO  io.undertow.servlet - Initializing Spring embedded WebApplicationContext
2026-01-13 13:52:24 [main] INFO  c.b.d.d.DynamicRoutingDataSource - dynamic-datasource detect P6SPY plugin and enabled it
2026-01-13 13:52:24 [main] INFO  com.zaxxer.hikari.HikariDataSource - master - Starting...
2026-01-13 13:52:25 [main] INFO  com.zaxxer.hikari.pool.HikariPool - master - Added connection com.mysql.cj.jdbc.ConnectionImpl@530ee11a
2026-01-13 13:52:25 [main] INFO  com.zaxxer.hikari.HikariDataSource - master - Start completed.
2026-01-13 13:52:25 [main] INFO  c.b.d.d.DynamicRoutingDataSource - dynamic-datasource - add a datasource named [master] success
2026-01-13 13:52:25 [main] INFO  c.b.d.d.DynamicRoutingDataSource - dynamic-datasource initial loaded [1] datasource,primary datasource named [master]
2026-01-13 13:52:26 [main] INFO  o.d.common.redis.config.RedisConfig - 初始化 redis 配置
2026-01-13 13:52:26 [main] INFO  org.redisson.Version - Redisson 3.52.0
2026-01-13 13:52:26 [main] WARN  i.n.r.d.DnsServerAddressStreamProviders - Can not find io.netty.resolver.dns.macos.MacOSDnsServerAddressStreamProvider in the classpath, fallback to system defaults. This may result in incorrect DNS resolutions on MacOS. Check whether you have a dependency on 'io.netty:netty-resolver-dns-native-macos'
2026-01-13 13:52:27 [redisson-netty-1-5] INFO  o.r.connection.ConnectionsHolder - 1 connections initialized for localhost/127.0.0.1:6379
2026-01-13 13:52:27 [redisson-netty-1-4] INFO  o.r.connection.ConnectionsHolder - 8 connections initialized for localhost/127.0.0.1:6379
2026-01-13 13:52:28 [main] INFO  o.d.common.json.config.JacksonConfig - 初始化 jackson 配置
2026-01-13 13:52:29 [main] INFO  c.b.m.e.s.MybatisPlusApplicationContextAware - Register ApplicationContext instances org.springframework.boot.web.servlet.context.AnnotationConfigServletWebServerApplicationContext@48b22fd4
2026-01-13 13:52:38 [main] INFO  o.d.w.p.modes.sb.config.BeanConfig - 【warm-flow】，加载完成
2026-01-13 13:52:40 [main] INFO  io.undertow - starting server: Undertow - 2.3.20.Final
2026-01-13 13:52:40 [main] INFO  org.xnio - XNIO version 3.8.16.Final
2026-01-13 13:52:40 [main] INFO  org.xnio.nio - XNIO NIO Implementation Version 3.8.16.Final
2026-01-13 13:52:40 [main] INFO  org.jboss.threads - JBoss Threads version 3.7.0.Final
2026-01-13 13:52:40 [main] INFO  org.dromara.DromaraApplication - Started DromaraApplication in 21.768 seconds (process running for 22.939)
2026-01-13 13:52:40 [main] INFO  o.d.c.sse.listener.SseTopicListener - 初始化SSE主题订阅监听器成功
2026-01-13 13:52:41 [main] INFO  o.d.s.runner.SystemApplicationRunner - 初始化OSS配置成功
2026-01-13 13:52:41 [main] WARN  o.s.c.events.SpringDocAppInitializer - SpringDoc /v3/api-docs endpoint is enabled by default. To disable it in production, set the property 'springdoc.api-docs.enabled=false'
2026-01-13 13:52:41 [RMI TCP Connection(3)-127.0.0.1] INFO  io.undertow.servlet - Initializing Spring DispatcherServlet 'dispatcherServlet'
2026-01-13 13:53:24 [SpringApplicationShutdownHook] INFO  io.undertow - stopping server: Undertow - 2.3.20.Final
2026-01-13 13:53:24 [SpringApplicationShutdownHook] INFO  o.d.c.core.config.ThreadPoolConfig - ====关闭后台任务任务线程池====
2026-01-13 13:53:24 [SpringApplicationShutdownHook] INFO  c.b.d.d.DynamicRoutingDataSource - dynamic-datasource start closing ....
2026-01-13 13:53:24 [SpringApplicationShutdownHook] INFO  com.zaxxer.hikari.HikariDataSource - master - Shutdown initiated...
2026-01-13 13:53:24 [SpringApplicationShutdownHook] INFO  com.zaxxer.hikari.HikariDataSource - master - Shutdown completed.
2026-01-13 13:53:24 [SpringApplicationShutdownHook] INFO  c.b.d.d.d.DefaultDataSourceDestroyer - dynamic-datasource close the datasource named [master] success,
2026-01-13 13:53:24 [SpringApplicationShutdownHook] INFO  c.b.d.d.DynamicRoutingDataSource - dynamic-datasource all closed success,bye
2026-01-13 13:53:24 [SpringApplicationShutdownHook] INFO  io.undertow.servlet - Destroying Spring FrameworkServlet 'dispatcherServlet'
